<?xml version="1.0" encoding="UTF-8" ?>
<testsuite tests="13" failures="0" name="code_gen.MIPSCodeGeneratorStatementTest" time="0.121" errors="0" skipped="0">
  <properties>
    <property name="java.runtime.name" value="Java(TM) SE Runtime Environment"/>
    <property name="sun.boot.library.path" value="C:\Program Files\Java\jdk1.8.0_73\jre\bin"/>
    <property name="java.vm.version" value="25.73-b02"/>
    <property name="java.vm.vendor" value="Oracle Corporation"/>
    <property name="maven.multiModuleProjectDirectory" value="C:\Users\Quelyn\Desktop\newtest\AntlrCParser"/>
    <property name="java.vendor.url" value="http://java.oracle.com/"/>
    <property name="path.separator" value=";"/>
    <property name="guice.disable.misplaced.annotation.check" value="true"/>
    <property name="java.vm.name" value="Java HotSpot(TM) 64-Bit Server VM"/>
    <property name="file.encoding.pkg" value="sun.io"/>
    <property name="user.script" value=""/>
    <property name="user.country" value="US"/>
    <property name="sun.java.launcher" value="SUN_STANDARD"/>
    <property name="sun.os.patch.level" value=""/>
    <property name="java.vm.specification.name" value="Java Virtual Machine Specification"/>
    <property name="user.dir" value="C:\Users\Quelyn\Desktop\newtest\AntlrCParser"/>
    <property name="java.runtime.version" value="1.8.0_73-b02"/>
    <property name="java.awt.graphicsenv" value="sun.awt.Win32GraphicsEnvironment"/>
    <property name="java.endorsed.dirs" value="C:\Program Files\Java\jdk1.8.0_73\jre\lib\endorsed"/>
    <property name="os.arch" value="amd64"/>
    <property name="java.io.tmpdir" value="C:\Users\Quelyn\AppData\Local\Temp\"/>
    <property name="line.separator" value="
"/>
    <property name="java.vm.specification.vendor" value="Oracle Corporation"/>
    <property name="user.variant" value=""/>
    <property name="os.name" value="Windows 10"/>
    <property name="maven.ext.class.path" value="C:\netbeans\java\maven-nblib\netbeans-eventspy.jar"/>
    <property name="classworlds.conf" value="C:\netbeans\java\maven\bin\m2.conf"/>
    <property name="sun.jnu.encoding" value="Cp1252"/>
    <property name="java.library.path" value="C:\Program Files\Java\jdk1.8.0_73\bin;C:\WINDOWS\Sun\Java\bin;C:\WINDOWS\system32;C:\WINDOWS;C:\ProgramData\Oracle\Java\javapath;C:\WINDOWS\system32;C:\WINDOWS;C:\WINDOWS\System32\Wbem;C:\WINDOWS\System32\WindowsPowerShell\v1.0\;C:\WINDOWS\System32\OpenSSH\;C:\Program Files\Git\cmd;C:\Program Files\Java\jdk1.8.0_73\bin;C:\Program Files\Java\jre1.8.0_73\bin;C:\Users\Quelyn\AppData\Local\Microsoft\WindowsApps;C:\Program Files\JetBrains\PyCharm Community Edition 2018.3.4\bin;;,;C:\Javalib\antlr-4.7.2-complete.jar;C:\Javalib\antlr-runtime-4.7.2.jar;,;C:\Javalib\antlr-4.7.2-complete.jar;C:\Javalib\antlr-runtime-4.7.2.jar;,;C:\Javalib\antlr-4.7.2-complete.jar;C:\Javalib\antlr-runtime-4.7.2.jar;%CLASSPATH%;;;;C:\Javalib;C:\Program Files\Java\jdk1.8.0_73\bin;C:\Program Files\Java\jre1.8.0_73\bin;;."/>
    <property name="java.specification.name" value="Java Platform API Specification"/>
    <property name="java.class.version" value="52.0"/>
    <property name="sun.management.compiler" value="HotSpot 64-Bit Tiered Compilers"/>
    <property name="skipTests" value="false"/>
    <property name="os.version" value="10.0"/>
    <property name="user.home" value="C:\Users\Quelyn"/>
    <property name="user.timezone" value="America/Los_Angeles"/>
    <property name="java.awt.printerjob" value="sun.awt.windows.WPrinterJob"/>
    <property name="java.specification.version" value="1.8"/>
    <property name="file.encoding" value="UTF-8"/>
    <property name="user.name" value="Quelyn"/>
    <property name="java.class.path" value="C:\netbeans\java\maven\boot\plexus-classworlds-2.5.2.jar"/>
    <property name="java.vm.specification.version" value="1.8"/>
    <property name="sun.arch.data.model" value="64"/>
    <property name="java.home" value="C:\Program Files\Java\jdk1.8.0_73\jre"/>
    <property name="sun.java.command" value="org.codehaus.plexus.classworlds.launcher.Launcher -DskipTests=false -Dmaven.ext.class.path=C:\netbeans\java\maven-nblib\netbeans-eventspy.jar -Dfile.encoding=UTF-8 clean verify"/>
    <property name="java.specification.vendor" value="Oracle Corporation"/>
    <property name="user.language" value="en"/>
    <property name="awt.toolkit" value="sun.awt.windows.WToolkit"/>
    <property name="java.vm.info" value="mixed mode"/>
    <property name="java.version" value="1.8.0_73"/>
    <property name="java.ext.dirs" value="C:\Program Files\Java\jdk1.8.0_73\jre\lib\ext;C:\WINDOWS\Sun\Java\lib\ext"/>
    <property name="sun.boot.class.path" value="C:\Program Files\Java\jdk1.8.0_73\jre\lib\resources.jar;C:\Program Files\Java\jdk1.8.0_73\jre\lib\rt.jar;C:\Program Files\Java\jdk1.8.0_73\jre\lib\sunrsasign.jar;C:\Program Files\Java\jdk1.8.0_73\jre\lib\jsse.jar;C:\Program Files\Java\jdk1.8.0_73\jre\lib\jce.jar;C:\Program Files\Java\jdk1.8.0_73\jre\lib\charsets.jar;C:\Program Files\Java\jdk1.8.0_73\jre\lib\jfr.jar;C:\Program Files\Java\jdk1.8.0_73\jre\classes"/>
    <property name="java.vendor" value="Oracle Corporation"/>
    <property name="maven.home" value="C:\netbeans\java\maven"/>
    <property name="file.separator" value="\"/>
    <property name="java.vendor.url.bug" value="http://bugreport.sun.com/bugreport/"/>
    <property name="sun.cpu.endian" value="little"/>
    <property name="sun.io.unicode.encoding" value="UnicodeLittle"/>
    <property name="sun.desktop" value="windows"/>
    <property name="sun.cpu.isalist" value="amd64"/>
  </properties>
  <testcase classname="code_gen.MIPSCodeGeneratorStatementTest" name="testSingleIntAssignment" time="0"/>
  <testcase classname="code_gen.MIPSCodeGeneratorStatementTest" name="testWhileInitiallyTrue" time="0.01"/>
  <testcase classname="code_gen.MIPSCodeGeneratorStatementTest" name="testWhileInitiallyFalse" time="0.019"/>
  <testcase classname="code_gen.MIPSCodeGeneratorStatementTest" name="testDoubleIntVariableDeclarationGetSecond" time="0.007"/>
  <testcase classname="code_gen.MIPSCodeGeneratorStatementTest" name="testAssignIntThroughPointer" time="0.011"/>
  <testcase classname="code_gen.MIPSCodeGeneratorStatementTest" name="testDereferenceInt" time="0.007"/>
  <testcase classname="code_gen.MIPSCodeGeneratorStatementTest" name="testSingleIntVariableDeclaration" time="0.015"/>
  <testcase classname="code_gen.MIPSCodeGeneratorStatementTest" name="testTwoIntsAssignFirst" time="0.007"/>
  <testcase classname="code_gen.MIPSCodeGeneratorStatementTest" name="testTwoIntsAssignSecond" time="0.007"/>
  <testcase classname="code_gen.MIPSCodeGeneratorStatementTest" name="testWhileScope" time="0.013"/>
  <testcase classname="code_gen.MIPSCodeGeneratorStatementTest" name="testIfScope" time="0.007"/>
  <testcase classname="code_gen.MIPSCodeGeneratorStatementTest" name="testIfTrue" time="0.013"/>
  <testcase classname="code_gen.MIPSCodeGeneratorStatementTest" name="testDoubleIntVariableDeclarationGetFirst" time="0.005"/>
</testsuite>